2022-05-09 14:53:45,452:INFO:PyCaret Supervised Module
2022-05-09 14:53:45,454:INFO:ML Usecase: classification
2022-05-09 14:53:45,454:INFO:version 2.3.10
2022-05-09 14:53:45,454:INFO:Initializing setup()
2022-05-09 14:53:45,454:INFO:setup(target=Survived, ml_usecase=classification, available_plots={'parameter': 'Hyperparameters', 'auc': 'AUC', 'confusion_matrix': 'Confusion Matrix', 'threshold': 'Threshold', 'pr': 'Precision Recall', 'error': 'Prediction Error', 'class_report': 'Class Report', 'rfe': 'Feature Selection', 'learning': 'Learning Curve', 'manifold': 'Manifold Learning', 'calibration': 'Calibration Curve', 'vc': 'Validation Curve', 'dimension': 'Dimensions', 'feature': 'Feature Importance', 'feature_all': 'Feature Importance (All)', 'boundary': 'Decision Boundary', 'lift': 'Lift Chart', 'gain': 'Gain Chart', 'tree': 'Decision Tree', 'ks': 'KS Statistic Plot'}, train_size=0.7, test_data=None, preprocess=True, imputation_type=simple, iterative_imputation_iters=5, categorical_features=['Embarked', 'Title'], categorical_imputation=constant, categorical_iterative_imputer=lightgbm, ordinal_features=None, high_cardinality_features=None, high_cardinality_method=frequency, numeric_features=['Age', 'Norm_fare', 'Norm_sibsp', 'Norm_parch'], numeric_imputation=mean, numeric_iterative_imputer=lightgbm, date_features=None, ignore_features=None, normalize=True, normalize_method=zscore, transformation=False, transformation_method=yeo-johnson, handle_unknown_categorical=True, unknown_categorical_method=least_frequent, pca=False, pca_method=linear, pca_components=None, ignore_low_variance=False, combine_rare_levels=False, rare_level_threshold=0.1, bin_numeric_features=None, remove_outliers=False, outliers_threshold=0.05, remove_multicollinearity=False, multicollinearity_threshold=0.9, remove_perfect_collinearity=True, create_clusters=False, cluster_iter=20, polynomial_features=False, polynomial_degree=2, trigonometry_features=False, polynomial_threshold=0.1, group_features=None, group_names=None, feature_selection=False, feature_selection_threshold=0.8, feature_selection_method=classic, feature_interaction=False, feature_ratio=False, interaction_threshold=0.01, fix_imbalance=False, fix_imbalance_method=None, transform_target=False, transform_target_method=box-cox, data_split_shuffle=True, data_split_stratify=False, fold_strategy=stratifiedkfold, fold=10, fold_shuffle=False, fold_groups=None, n_jobs=-1, use_gpu=False, custom_pipeline=None, html=True, session_id=None, log_experiment=False, experiment_name=None, experiment_custom_tags=None, log_plots=False, log_profile=False, log_data=False, silent=False, verbose=True, profile=False, profile_kwargs=None, display=None)
2022-05-09 14:53:45,455:INFO:Checking environment
2022-05-09 14:53:45,455:INFO:python_version: 3.8.10
2022-05-09 14:53:45,455:INFO:python_build: ('tags/v3.8.10:3d8993a', 'May  3 2021 11:48:03')
2022-05-09 14:53:45,455:INFO:machine: AMD64
2022-05-09 14:53:45,476:INFO:platform: Windows-10-10.0.19042-SP0
2022-05-09 14:53:45,476:INFO:Memory: svmem(total=17037348864, available=4164984832, percent=75.6, used=12872364032, free=4164984832)
2022-05-09 14:53:45,476:INFO:Physical Core: 4
2022-05-09 14:53:45,476:INFO:Logical Core: 4
2022-05-09 14:53:45,476:INFO:Checking libraries
2022-05-09 14:53:45,476:INFO:pd==1.4.2
2022-05-09 14:53:45,476:INFO:numpy==1.19.5
2022-05-09 14:53:45,476:INFO:sklearn==0.23.2
2022-05-09 14:53:45,476:INFO:lightgbm==3.3.2
2022-05-09 14:53:45,477:WARNING:catboost not found
2022-05-09 14:53:45,478:WARNING:xgboost not found
2022-05-09 14:53:45,478:INFO:mlflow==1.25.1
2022-05-09 14:53:45,478:INFO:Checking Exceptions
2022-05-09 14:53:45,478:INFO:Declaring global variables
2022-05-09 14:53:45,478:INFO:USI: ed78
2022-05-09 14:53:45,478:INFO:pycaret_globals: {'fold_groups_param', '_all_metrics', 'fold_param', 'y_train', 'X', 'imputation_regressor', 'logging_param', 'prep_pipe', '_all_models_internal', 'n_jobs_param', 'dashboard_logger', 'X_test', 'X_train', '_available_plots', 'display_container', 'y', '_ml_usecase', 'html_param', 'data_before_preprocess', 'fold_shuffle_param', '_gpu_n_jobs_param', 'exp_name_log', 'fix_imbalance_method_param', 'transform_target_method_param', 'pycaret_globals', 'target_param', 'y_test', 'USI', 'master_model_container', 'experiment__', 'fold_groups_param_full', 'fold_generator', 'log_plots_param', 'gpu_param', 'iterative_imputation_iters_param', '_all_models', 'create_model_container', 'fix_imbalance_param', '_internal_pipeline', 'seed', 'transform_target_param', 'stratify_param', 'imputation_classifier'}
2022-05-09 14:53:45,478:INFO:Preparing display monitor
2022-05-09 14:53:45,479:INFO:Preparing display monitor
2022-05-09 14:53:45,486:INFO:Importing libraries
2022-05-09 14:53:45,486:INFO:Copying data for preprocessing
2022-05-09 14:53:45,489:INFO:Declaring preprocessing parameters
2022-05-09 14:53:45,489:INFO:Creating preprocessing pipeline
2022-05-09 14:53:45,491:INFO:Preprocessing pipeline created successfully
2022-05-09 14:53:45,491:ERROR:(Process Exit): setup has been interupted with user command 'quit'. setup must rerun.
2022-05-09 14:53:45,491:INFO:Creating global containers
2022-05-09 14:53:45,492:INFO:Internal pipeline: Pipeline(memory=None, steps=[('empty_step', 'passthrough')], verbose=False)
2022-05-09 14:53:54,386:WARNING:Couldn't import xgboost.XGBClassifier
2022-05-09 14:53:54,388:WARNING:Couldn't import catboost.CatBoostClassifier
2022-05-09 14:53:54,471:WARNING:Couldn't import xgboost.XGBClassifier
2022-05-09 14:53:54,472:WARNING:Couldn't import catboost.CatBoostClassifier
2022-05-09 14:53:54,472:INFO:Creating grid variables
2022-05-09 14:53:54,476:INFO:create_model_container: 0
2022-05-09 14:53:54,476:INFO:master_model_container: 0
2022-05-09 14:53:54,476:INFO:display_container: 1
2022-05-09 14:53:54,480:INFO:Pipeline(memory=None,
         steps=[('dtypes',
                 DataTypes_Auto_infer(categorical_features=['Embarked',
                                                            'Title'],
                                      display_types=True, features_todrop=[],
                                      id_columns=[],
                                      ml_usecase='classification',
                                      numerical_features=['Age', 'Norm_fare',
                                                          'Norm_sibsp',
                                                          'Norm_parch'],
                                      target='Survived', time_features=[])),
                ('imputer',
                 Simple_Imputer(categorical_strategy='not_available',
                                fill...
                ('P_transform', 'passthrough'), ('binn', 'passthrough'),
                ('rem_outliers', 'passthrough'), ('cluster_all', 'passthrough'),
                ('dummy', Dummify(target='Survived')),
                ('fix_perfect', Remove_100(target='Survived')),
                ('clean_names', Clean_Colum_Names()),
                ('feature_select', 'passthrough'), ('fix_multi', 'passthrough'),
                ('dfs', 'passthrough'), ('pca', 'passthrough')],
         verbose=False)
2022-05-09 14:53:54,480:INFO:setup() succesfully completed......................................
2022-05-09 14:53:54,544:INFO:Initializing compare_models()
2022-05-09 14:53:54,544:INFO:compare_models(include=None, fold=None, round=4, cross_validation=True, sort=Accuracy, n_select=1, budget_time=None, turbo=True, errors=ignore, fit_kwargs=None, groups=None, experiment_custom_tags=None, probability_threshold=None, verbose=True, display=None, exclude=None)
2022-05-09 14:53:54,544:INFO:Checking exceptions
2022-05-09 14:53:54,545:INFO:Preparing display monitor
2022-05-09 14:53:54,545:INFO:Preparing display monitor
2022-05-09 14:53:54,564:INFO:Initializing Logistic Regression
2022-05-09 14:53:54,565:INFO:Total runtime is 1.6136964162190756e-05 minutes
2022-05-09 14:53:54,577:INFO:SubProcess create_model() called ==================================
2022-05-09 14:53:54,577:INFO:Initializing create_model()
2022-05-09 14:53:54,577:INFO:create_model(estimator=lr, fold=StratifiedKFold(n_splits=10, random_state=None, shuffle=False), round=4, cross_validation=True, predict=True, fit_kwargs={}, groups=None, refit=False, verbose=False, system=False, metrics=None, experiment_custom_tags=None, add_to_model_list=True, probability_threshold=None, display=<pycaret.internal.Display.Display object at 0x00000262A55129A0>, return_train_score=False, kwargs={})
2022-05-09 14:53:54,577:INFO:Checking exceptions
2022-05-09 14:53:54,577:INFO:Importing libraries
2022-05-09 14:53:54,577:INFO:Copying training dataset
2022-05-09 14:53:54,579:INFO:Defining folds
2022-05-09 14:53:54,579:INFO:Declaring metric variables
2022-05-09 14:53:54,591:INFO:Importing untrained model
2022-05-09 14:53:54,595:INFO:Logistic Regression Imported succesfully
2022-05-09 14:53:54,612:INFO:Starting cross validation
2022-05-09 14:53:54,613:INFO:Cross validating with StratifiedKFold(n_splits=10, random_state=None, shuffle=False), n_jobs=-1
2022-05-09 14:53:58,109:INFO:Calculating mean and std
2022-05-09 14:53:58,110:INFO:Creating metrics dataframe
2022-05-09 14:53:58,117:INFO:Uploading results into container
2022-05-09 14:53:58,117:INFO:Uploading model into container now
2022-05-09 14:53:58,117:INFO:create_model_container: 1
2022-05-09 14:53:58,117:INFO:master_model_container: 1
2022-05-09 14:53:58,117:INFO:display_container: 2
2022-05-09 14:53:58,118:INFO:LogisticRegression(C=1.0, class_weight=None, dual=False, fit_intercept=True,
                   intercept_scaling=1, l1_ratio=None, max_iter=1000,
                   multi_class='auto', n_jobs=None, penalty='l2',
                   random_state=4361, solver='lbfgs', tol=0.0001, verbose=0,
                   warm_start=False)
2022-05-09 14:53:58,118:INFO:create_model() succesfully completed......................................
2022-05-09 14:53:58,191:INFO:SubProcess create_model() end ==================================
2022-05-09 14:53:58,191:INFO:Creating metrics dataframe
2022-05-09 14:53:58,200:INFO:Initializing K Neighbors Classifier
2022-05-09 14:53:58,200:INFO:Total runtime is 0.06060481071472168 minutes
2022-05-09 14:53:58,213:INFO:SubProcess create_model() called ==================================
2022-05-09 14:53:58,213:INFO:Initializing create_model()
2022-05-09 14:53:58,213:INFO:create_model(estimator=knn, fold=StratifiedKFold(n_splits=10, random_state=None, shuffle=False), round=4, cross_validation=True, predict=True, fit_kwargs={}, groups=None, refit=False, verbose=False, system=False, metrics=None, experiment_custom_tags=None, add_to_model_list=True, probability_threshold=None, display=<pycaret.internal.Display.Display object at 0x00000262A55129A0>, return_train_score=False, kwargs={})
2022-05-09 14:53:58,213:INFO:Checking exceptions
2022-05-09 14:53:58,213:INFO:Importing libraries
2022-05-09 14:53:58,213:INFO:Copying training dataset
2022-05-09 14:53:58,214:INFO:Defining folds
2022-05-09 14:53:58,214:INFO:Declaring metric variables
2022-05-09 14:53:58,223:INFO:Importing untrained model
2022-05-09 14:53:58,237:INFO:K Neighbors Classifier Imported succesfully
2022-05-09 14:53:58,253:INFO:Starting cross validation
2022-05-09 14:53:58,253:INFO:Cross validating with StratifiedKFold(n_splits=10, random_state=None, shuffle=False), n_jobs=-1
2022-05-09 14:53:58,367:INFO:Calculating mean and std
2022-05-09 14:53:58,369:INFO:Creating metrics dataframe
2022-05-09 14:53:58,373:INFO:Uploading results into container
2022-05-09 14:53:58,373:INFO:Uploading model into container now
2022-05-09 14:53:58,374:INFO:create_model_container: 2
2022-05-09 14:53:58,374:INFO:master_model_container: 2
2022-05-09 14:53:58,374:INFO:display_container: 2
2022-05-09 14:53:58,374:INFO:KNeighborsClassifier(algorithm='auto', leaf_size=30, metric='minkowski',
                     metric_params=None, n_jobs=-1, n_neighbors=5, p=2,
                     weights='uniform')
2022-05-09 14:53:58,374:INFO:create_model() succesfully completed......................................
2022-05-09 14:53:58,436:INFO:SubProcess create_model() end ==================================
2022-05-09 14:53:58,437:INFO:Creating metrics dataframe
2022-05-09 14:53:58,445:INFO:Initializing Naive Bayes
2022-05-09 14:53:58,445:INFO:Total runtime is 0.0646800438563029 minutes
2022-05-09 14:53:58,455:INFO:SubProcess create_model() called ==================================
2022-05-09 14:53:58,456:INFO:Initializing create_model()
2022-05-09 14:53:58,456:INFO:create_model(estimator=nb, fold=StratifiedKFold(n_splits=10, random_state=None, shuffle=False), round=4, cross_validation=True, predict=True, fit_kwargs={}, groups=None, refit=False, verbose=False, system=False, metrics=None, experiment_custom_tags=None, add_to_model_list=True, probability_threshold=None, display=<pycaret.internal.Display.Display object at 0x00000262A55129A0>, return_train_score=False, kwargs={})
2022-05-09 14:53:58,457:INFO:Checking exceptions
2022-05-09 14:53:58,457:INFO:Importing libraries
2022-05-09 14:53:58,457:INFO:Copying training dataset
2022-05-09 14:53:58,458:INFO:Defining folds
2022-05-09 14:53:58,458:INFO:Declaring metric variables
2022-05-09 14:53:58,477:INFO:Importing untrained model
2022-05-09 14:53:58,493:INFO:Naive Bayes Imported succesfully
2022-05-09 14:53:58,522:INFO:Starting cross validation
2022-05-09 14:53:58,523:INFO:Cross validating with StratifiedKFold(n_splits=10, random_state=None, shuffle=False), n_jobs=-1
2022-05-09 14:53:58,568:INFO:Calculating mean and std
2022-05-09 14:53:58,569:INFO:Creating metrics dataframe
2022-05-09 14:53:58,576:INFO:Uploading results into container
2022-05-09 14:53:58,576:INFO:Uploading model into container now
2022-05-09 14:53:58,576:INFO:create_model_container: 3
2022-05-09 14:53:58,576:INFO:master_model_container: 3
2022-05-09 14:53:58,576:INFO:display_container: 2
2022-05-09 14:53:58,576:INFO:GaussianNB(priors=None, var_smoothing=1e-09)
2022-05-09 14:53:58,576:INFO:create_model() succesfully completed......................................
2022-05-09 14:53:58,641:INFO:SubProcess create_model() end ==================================
2022-05-09 14:53:58,641:INFO:Creating metrics dataframe
2022-05-09 14:53:58,648:INFO:Initializing Decision Tree Classifier
2022-05-09 14:53:58,649:INFO:Total runtime is 0.06808777252833048 minutes
2022-05-09 14:53:58,662:INFO:SubProcess create_model() called ==================================
2022-05-09 14:53:58,663:INFO:Initializing create_model()
2022-05-09 14:53:58,663:INFO:create_model(estimator=dt, fold=StratifiedKFold(n_splits=10, random_state=None, shuffle=False), round=4, cross_validation=True, predict=True, fit_kwargs={}, groups=None, refit=False, verbose=False, system=False, metrics=None, experiment_custom_tags=None, add_to_model_list=True, probability_threshold=None, display=<pycaret.internal.Display.Display object at 0x00000262A55129A0>, return_train_score=False, kwargs={})
2022-05-09 14:53:58,663:INFO:Checking exceptions
2022-05-09 14:53:58,663:INFO:Importing libraries
2022-05-09 14:53:58,663:INFO:Copying training dataset
2022-05-09 14:53:58,663:INFO:Defining folds
2022-05-09 14:53:58,663:INFO:Declaring metric variables
2022-05-09 14:53:58,667:INFO:Importing untrained model
2022-05-09 14:53:58,678:INFO:Decision Tree Classifier Imported succesfully
2022-05-09 14:53:58,685:INFO:Starting cross validation
2022-05-09 14:53:58,686:INFO:Cross validating with StratifiedKFold(n_splits=10, random_state=None, shuffle=False), n_jobs=-1
2022-05-09 14:53:58,733:INFO:Calculating mean and std
2022-05-09 14:53:58,733:INFO:Creating metrics dataframe
2022-05-09 14:53:58,739:INFO:Uploading results into container
2022-05-09 14:53:58,739:INFO:Uploading model into container now
2022-05-09 14:53:58,739:INFO:create_model_container: 4
2022-05-09 14:53:58,739:INFO:master_model_container: 4
2022-05-09 14:53:58,739:INFO:display_container: 2
2022-05-09 14:53:58,740:INFO:DecisionTreeClassifier(ccp_alpha=0.0, class_weight=None, criterion='gini',
                       max_depth=None, max_features=None, max_leaf_nodes=None,
                       min_impurity_decrease=0.0, min_impurity_split=None,
                       min_samples_leaf=1, min_samples_split=2,
                       min_weight_fraction_leaf=0.0, presort='deprecated',
                       random_state=4361, splitter='best')
2022-05-09 14:53:58,740:INFO:create_model() succesfully completed......................................
2022-05-09 14:53:58,803:INFO:SubProcess create_model() end ==================================
2022-05-09 14:53:58,803:INFO:Creating metrics dataframe
2022-05-09 14:53:58,810:INFO:Initializing SVM - Linear Kernel
2022-05-09 14:53:58,810:INFO:Total runtime is 0.07077245712280274 minutes
2022-05-09 14:53:58,823:INFO:SubProcess create_model() called ==================================
2022-05-09 14:53:58,824:INFO:Initializing create_model()
2022-05-09 14:53:58,825:INFO:create_model(estimator=svm, fold=StratifiedKFold(n_splits=10, random_state=None, shuffle=False), round=4, cross_validation=True, predict=True, fit_kwargs={}, groups=None, refit=False, verbose=False, system=False, metrics=None, experiment_custom_tags=None, add_to_model_list=True, probability_threshold=None, display=<pycaret.internal.Display.Display object at 0x00000262A55129A0>, return_train_score=False, kwargs={})
2022-05-09 14:53:58,825:INFO:Checking exceptions
2022-05-09 14:53:58,825:INFO:Importing libraries
2022-05-09 14:53:58,825:INFO:Copying training dataset
2022-05-09 14:53:58,826:INFO:Defining folds
2022-05-09 14:53:58,826:INFO:Declaring metric variables
2022-05-09 14:53:58,844:INFO:Importing untrained model
2022-05-09 14:53:58,865:INFO:SVM - Linear Kernel Imported succesfully
2022-05-09 14:53:58,882:INFO:Starting cross validation
2022-05-09 14:53:58,882:INFO:Cross validating with StratifiedKFold(n_splits=10, random_state=None, shuffle=False), n_jobs=-1
2022-05-09 14:53:58,956:INFO:Calculating mean and std
2022-05-09 14:53:58,956:INFO:Creating metrics dataframe
2022-05-09 14:53:58,962:INFO:Uploading results into container
2022-05-09 14:53:58,962:INFO:Uploading model into container now
2022-05-09 14:53:58,962:INFO:create_model_container: 5
2022-05-09 14:53:58,962:INFO:master_model_container: 5
2022-05-09 14:53:58,962:INFO:display_container: 2
2022-05-09 14:53:58,963:INFO:SGDClassifier(alpha=0.0001, average=False, class_weight=None,
              early_stopping=False, epsilon=0.1, eta0=0.001, fit_intercept=True,
              l1_ratio=0.15, learning_rate='optimal', loss='hinge',
              max_iter=1000, n_iter_no_change=5, n_jobs=-1, penalty='l2',
              power_t=0.5, random_state=4361, shuffle=True, tol=0.001,
              validation_fraction=0.1, verbose=0, warm_start=False)
2022-05-09 14:53:58,963:INFO:create_model() succesfully completed......................................
2022-05-09 14:53:59,026:INFO:SubProcess create_model() end ==================================
2022-05-09 14:53:59,026:INFO:Creating metrics dataframe
2022-05-09 14:53:59,034:INFO:Initializing Ridge Classifier
2022-05-09 14:53:59,034:INFO:Total runtime is 0.07450825770696004 minutes
2022-05-09 14:53:59,048:INFO:SubProcess create_model() called ==================================
2022-05-09 14:53:59,048:INFO:Initializing create_model()
2022-05-09 14:53:59,048:INFO:create_model(estimator=ridge, fold=StratifiedKFold(n_splits=10, random_state=None, shuffle=False), round=4, cross_validation=True, predict=True, fit_kwargs={}, groups=None, refit=False, verbose=False, system=False, metrics=None, experiment_custom_tags=None, add_to_model_list=True, probability_threshold=None, display=<pycaret.internal.Display.Display object at 0x00000262A55129A0>, return_train_score=False, kwargs={})
2022-05-09 14:53:59,049:INFO:Checking exceptions
2022-05-09 14:53:59,049:INFO:Importing libraries
2022-05-09 14:53:59,049:INFO:Copying training dataset
2022-05-09 14:53:59,049:INFO:Defining folds
2022-05-09 14:53:59,049:INFO:Declaring metric variables
2022-05-09 14:53:59,057:INFO:Importing untrained model
2022-05-09 14:53:59,068:INFO:Ridge Classifier Imported succesfully
2022-05-09 14:53:59,083:INFO:Starting cross validation
2022-05-09 14:53:59,083:INFO:Cross validating with StratifiedKFold(n_splits=10, random_state=None, shuffle=False), n_jobs=-1
2022-05-09 14:53:59,124:INFO:Calculating mean and std
2022-05-09 14:53:59,124:INFO:Creating metrics dataframe
2022-05-09 14:53:59,131:INFO:Uploading results into container
2022-05-09 14:53:59,131:INFO:Uploading model into container now
2022-05-09 14:53:59,131:INFO:create_model_container: 6
2022-05-09 14:53:59,131:INFO:master_model_container: 6
2022-05-09 14:53:59,131:INFO:display_container: 2
2022-05-09 14:53:59,131:INFO:RidgeClassifier(alpha=1.0, class_weight=None, copy_X=True, fit_intercept=True,
                max_iter=None, normalize=False, random_state=4361,
                solver='auto', tol=0.001)
2022-05-09 14:53:59,131:INFO:create_model() succesfully completed......................................
2022-05-09 14:53:59,193:INFO:SubProcess create_model() end ==================================
2022-05-09 14:53:59,193:INFO:Creating metrics dataframe
2022-05-09 14:53:59,201:INFO:Initializing Random Forest Classifier
2022-05-09 14:53:59,201:INFO:Total runtime is 0.07728097438812255 minutes
2022-05-09 14:53:59,215:INFO:SubProcess create_model() called ==================================
2022-05-09 14:53:59,215:INFO:Initializing create_model()
2022-05-09 14:53:59,215:INFO:create_model(estimator=rf, fold=StratifiedKFold(n_splits=10, random_state=None, shuffle=False), round=4, cross_validation=True, predict=True, fit_kwargs={}, groups=None, refit=False, verbose=False, system=False, metrics=None, experiment_custom_tags=None, add_to_model_list=True, probability_threshold=None, display=<pycaret.internal.Display.Display object at 0x00000262A55129A0>, return_train_score=False, kwargs={})
2022-05-09 14:53:59,215:INFO:Checking exceptions
2022-05-09 14:53:59,215:INFO:Importing libraries
2022-05-09 14:53:59,216:INFO:Copying training dataset
2022-05-09 14:53:59,216:INFO:Defining folds
2022-05-09 14:53:59,216:INFO:Declaring metric variables
2022-05-09 14:53:59,224:INFO:Importing untrained model
2022-05-09 14:53:59,235:INFO:Random Forest Classifier Imported succesfully
2022-05-09 14:53:59,243:INFO:Starting cross validation
2022-05-09 14:53:59,244:INFO:Cross validating with StratifiedKFold(n_splits=10, random_state=None, shuffle=False), n_jobs=-1
2022-05-09 14:54:00,128:INFO:Calculating mean and std
2022-05-09 14:54:00,129:INFO:Creating metrics dataframe
2022-05-09 14:54:00,135:INFO:Uploading results into container
2022-05-09 14:54:00,135:INFO:Uploading model into container now
2022-05-09 14:54:00,135:INFO:create_model_container: 7
2022-05-09 14:54:00,135:INFO:master_model_container: 7
2022-05-09 14:54:00,135:INFO:display_container: 2
2022-05-09 14:54:00,135:INFO:RandomForestClassifier(bootstrap=True, ccp_alpha=0.0, class_weight=None,
                       criterion='gini', max_depth=None, max_features='auto',
                       max_leaf_nodes=None, max_samples=None,
                       min_impurity_decrease=0.0, min_impurity_split=None,
                       min_samples_leaf=1, min_samples_split=2,
                       min_weight_fraction_leaf=0.0, n_estimators=100,
                       n_jobs=-1, oob_score=False, random_state=4361, verbose=0,
                       warm_start=False)
2022-05-09 14:54:00,135:INFO:create_model() succesfully completed......................................
2022-05-09 14:54:00,199:INFO:SubProcess create_model() end ==================================
2022-05-09 14:54:00,199:INFO:Creating metrics dataframe
2022-05-09 14:54:00,205:INFO:Initializing Quadratic Discriminant Analysis
2022-05-09 14:54:00,206:INFO:Total runtime is 0.09403857787450154 minutes
2022-05-09 14:54:00,216:INFO:SubProcess create_model() called ==================================
2022-05-09 14:54:00,216:INFO:Initializing create_model()
2022-05-09 14:54:00,216:INFO:create_model(estimator=qda, fold=StratifiedKFold(n_splits=10, random_state=None, shuffle=False), round=4, cross_validation=True, predict=True, fit_kwargs={}, groups=None, refit=False, verbose=False, system=False, metrics=None, experiment_custom_tags=None, add_to_model_list=True, probability_threshold=None, display=<pycaret.internal.Display.Display object at 0x00000262A55129A0>, return_train_score=False, kwargs={})
2022-05-09 14:54:00,216:INFO:Checking exceptions
2022-05-09 14:54:00,216:INFO:Importing libraries
2022-05-09 14:54:00,217:INFO:Copying training dataset
2022-05-09 14:54:00,217:INFO:Defining folds
2022-05-09 14:54:00,217:INFO:Declaring metric variables
2022-05-09 14:54:00,221:INFO:Importing untrained model
2022-05-09 14:54:00,231:INFO:Quadratic Discriminant Analysis Imported succesfully
2022-05-09 14:54:00,246:INFO:Starting cross validation
2022-05-09 14:54:00,246:INFO:Cross validating with StratifiedKFold(n_splits=10, random_state=None, shuffle=False), n_jobs=-1
2022-05-09 14:54:00,375:INFO:Calculating mean and std
2022-05-09 14:54:00,375:INFO:Creating metrics dataframe
2022-05-09 14:54:00,381:INFO:Uploading results into container
2022-05-09 14:54:00,382:INFO:Uploading model into container now
2022-05-09 14:54:00,382:INFO:create_model_container: 8
2022-05-09 14:54:00,382:INFO:master_model_container: 8
2022-05-09 14:54:00,382:INFO:display_container: 2
2022-05-09 14:54:00,382:INFO:QuadraticDiscriminantAnalysis(priors=None, reg_param=0.0,
                              store_covariance=False, tol=0.0001)
2022-05-09 14:54:00,382:INFO:create_model() succesfully completed......................................
2022-05-09 14:54:00,449:INFO:SubProcess create_model() end ==================================
2022-05-09 14:54:00,449:INFO:Creating metrics dataframe
2022-05-09 14:54:00,456:INFO:Initializing Ada Boost Classifier
2022-05-09 14:54:00,456:INFO:Total runtime is 0.09819943904876709 minutes
2022-05-09 14:54:00,465:INFO:SubProcess create_model() called ==================================
2022-05-09 14:54:00,465:INFO:Initializing create_model()
2022-05-09 14:54:00,466:INFO:create_model(estimator=ada, fold=StratifiedKFold(n_splits=10, random_state=None, shuffle=False), round=4, cross_validation=True, predict=True, fit_kwargs={}, groups=None, refit=False, verbose=False, system=False, metrics=None, experiment_custom_tags=None, add_to_model_list=True, probability_threshold=None, display=<pycaret.internal.Display.Display object at 0x00000262A55129A0>, return_train_score=False, kwargs={})
2022-05-09 14:54:00,466:INFO:Checking exceptions
2022-05-09 14:54:00,466:INFO:Importing libraries
2022-05-09 14:54:00,466:INFO:Copying training dataset
2022-05-09 14:54:00,466:INFO:Defining folds
2022-05-09 14:54:00,466:INFO:Declaring metric variables
2022-05-09 14:54:00,480:INFO:Importing untrained model
2022-05-09 14:54:00,637:INFO:Ada Boost Classifier Imported succesfully
2022-05-09 14:54:00,656:INFO:Starting cross validation
2022-05-09 14:54:00,659:INFO:Cross validating with StratifiedKFold(n_splits=10, random_state=None, shuffle=False), n_jobs=-1
2022-05-09 14:54:00,997:INFO:Calculating mean and std
2022-05-09 14:54:00,997:INFO:Creating metrics dataframe
2022-05-09 14:54:01,003:INFO:Uploading results into container
2022-05-09 14:54:01,003:INFO:Uploading model into container now
2022-05-09 14:54:01,003:INFO:create_model_container: 9
2022-05-09 14:54:01,003:INFO:master_model_container: 9
2022-05-09 14:54:01,003:INFO:display_container: 2
2022-05-09 14:54:01,004:INFO:AdaBoostClassifier(algorithm='SAMME.R', base_estimator=None, learning_rate=1.0,
                   n_estimators=50, random_state=4361)
2022-05-09 14:54:01,004:INFO:create_model() succesfully completed......................................
2022-05-09 14:54:01,066:INFO:SubProcess create_model() end ==================================
2022-05-09 14:54:01,066:INFO:Creating metrics dataframe
2022-05-09 14:54:01,073:INFO:Initializing Gradient Boosting Classifier
2022-05-09 14:54:01,074:INFO:Total runtime is 0.10850598414738973 minutes
2022-05-09 14:54:01,083:INFO:SubProcess create_model() called ==================================
2022-05-09 14:54:01,084:INFO:Initializing create_model()
2022-05-09 14:54:01,084:INFO:create_model(estimator=gbc, fold=StratifiedKFold(n_splits=10, random_state=None, shuffle=False), round=4, cross_validation=True, predict=True, fit_kwargs={}, groups=None, refit=False, verbose=False, system=False, metrics=None, experiment_custom_tags=None, add_to_model_list=True, probability_threshold=None, display=<pycaret.internal.Display.Display object at 0x00000262A55129A0>, return_train_score=False, kwargs={})
2022-05-09 14:54:01,084:INFO:Checking exceptions
2022-05-09 14:54:01,084:INFO:Importing libraries
2022-05-09 14:54:01,084:INFO:Copying training dataset
2022-05-09 14:54:01,084:INFO:Defining folds
2022-05-09 14:54:01,084:INFO:Declaring metric variables
2022-05-09 14:54:01,089:INFO:Importing untrained model
2022-05-09 14:54:01,093:INFO:Gradient Boosting Classifier Imported succesfully
2022-05-09 14:54:01,106:INFO:Starting cross validation
2022-05-09 14:54:01,107:INFO:Cross validating with StratifiedKFold(n_splits=10, random_state=None, shuffle=False), n_jobs=-1
2022-05-09 14:54:01,427:INFO:Calculating mean and std
2022-05-09 14:54:01,428:INFO:Creating metrics dataframe
2022-05-09 14:54:01,433:INFO:Uploading results into container
2022-05-09 14:54:01,433:INFO:Uploading model into container now
2022-05-09 14:54:01,434:INFO:create_model_container: 10
2022-05-09 14:54:01,434:INFO:master_model_container: 10
2022-05-09 14:54:01,434:INFO:display_container: 2
2022-05-09 14:54:01,434:INFO:GradientBoostingClassifier(ccp_alpha=0.0, criterion='friedman_mse', init=None,
                           learning_rate=0.1, loss='deviance', max_depth=3,
                           max_features=None, max_leaf_nodes=None,
                           min_impurity_decrease=0.0, min_impurity_split=None,
                           min_samples_leaf=1, min_samples_split=2,
                           min_weight_fraction_leaf=0.0, n_estimators=100,
                           n_iter_no_change=None, presort='deprecated',
                           random_state=4361, subsample=1.0, tol=0.0001,
                           validation_fraction=0.1, verbose=0,
                           warm_start=False)
2022-05-09 14:54:01,434:INFO:create_model() succesfully completed......................................
2022-05-09 14:54:01,497:INFO:SubProcess create_model() end ==================================
2022-05-09 14:54:01,497:INFO:Creating metrics dataframe
2022-05-09 14:54:01,504:INFO:Initializing Linear Discriminant Analysis
2022-05-09 14:54:01,504:INFO:Total runtime is 0.11566977103551228 minutes
2022-05-09 14:54:01,517:INFO:SubProcess create_model() called ==================================
2022-05-09 14:54:01,518:INFO:Initializing create_model()
2022-05-09 14:54:01,518:INFO:create_model(estimator=lda, fold=StratifiedKFold(n_splits=10, random_state=None, shuffle=False), round=4, cross_validation=True, predict=True, fit_kwargs={}, groups=None, refit=False, verbose=False, system=False, metrics=None, experiment_custom_tags=None, add_to_model_list=True, probability_threshold=None, display=<pycaret.internal.Display.Display object at 0x00000262A55129A0>, return_train_score=False, kwargs={})
2022-05-09 14:54:01,518:INFO:Checking exceptions
2022-05-09 14:54:01,519:INFO:Importing libraries
2022-05-09 14:54:01,519:INFO:Copying training dataset
2022-05-09 14:54:01,520:INFO:Defining folds
2022-05-09 14:54:01,520:INFO:Declaring metric variables
2022-05-09 14:54:01,533:INFO:Importing untrained model
2022-05-09 14:54:01,545:INFO:Linear Discriminant Analysis Imported succesfully
2022-05-09 14:54:01,570:INFO:Starting cross validation
2022-05-09 14:54:01,570:INFO:Cross validating with StratifiedKFold(n_splits=10, random_state=None, shuffle=False), n_jobs=-1
2022-05-09 14:54:01,616:INFO:Calculating mean and std
2022-05-09 14:54:01,617:INFO:Creating metrics dataframe
2022-05-09 14:54:01,622:INFO:Uploading results into container
2022-05-09 14:54:01,622:INFO:Uploading model into container now
2022-05-09 14:54:01,623:INFO:create_model_container: 11
2022-05-09 14:54:01,623:INFO:master_model_container: 11
2022-05-09 14:54:01,623:INFO:display_container: 2
2022-05-09 14:54:01,623:INFO:LinearDiscriminantAnalysis(n_components=None, priors=None, shrinkage=None,
                           solver='svd', store_covariance=False, tol=0.0001)
2022-05-09 14:54:01,623:INFO:create_model() succesfully completed......................................
2022-05-09 14:54:01,686:INFO:SubProcess create_model() end ==================================
2022-05-09 14:54:01,686:INFO:Creating metrics dataframe
2022-05-09 14:54:01,693:INFO:Initializing Extra Trees Classifier
2022-05-09 14:54:01,693:INFO:Total runtime is 0.11882452170054117 minutes
2022-05-09 14:54:01,704:INFO:SubProcess create_model() called ==================================
2022-05-09 14:54:01,705:INFO:Initializing create_model()
2022-05-09 14:54:01,705:INFO:create_model(estimator=et, fold=StratifiedKFold(n_splits=10, random_state=None, shuffle=False), round=4, cross_validation=True, predict=True, fit_kwargs={}, groups=None, refit=False, verbose=False, system=False, metrics=None, experiment_custom_tags=None, add_to_model_list=True, probability_threshold=None, display=<pycaret.internal.Display.Display object at 0x00000262A55129A0>, return_train_score=False, kwargs={})
2022-05-09 14:54:01,705:INFO:Checking exceptions
2022-05-09 14:54:01,705:INFO:Importing libraries
2022-05-09 14:54:01,706:INFO:Copying training dataset
2022-05-09 14:54:01,706:INFO:Defining folds
2022-05-09 14:54:01,706:INFO:Declaring metric variables
2022-05-09 14:54:01,713:INFO:Importing untrained model
2022-05-09 14:54:01,730:INFO:Extra Trees Classifier Imported succesfully
2022-05-09 14:54:01,744:INFO:Starting cross validation
2022-05-09 14:54:01,745:INFO:Cross validating with StratifiedKFold(n_splits=10, random_state=None, shuffle=False), n_jobs=-1
2022-05-09 14:54:02,537:INFO:Calculating mean and std
2022-05-09 14:54:02,538:INFO:Creating metrics dataframe
2022-05-09 14:54:02,543:INFO:Uploading results into container
2022-05-09 14:54:02,543:INFO:Uploading model into container now
2022-05-09 14:54:02,543:INFO:create_model_container: 12
2022-05-09 14:54:02,543:INFO:master_model_container: 12
2022-05-09 14:54:02,543:INFO:display_container: 2
2022-05-09 14:54:02,544:INFO:ExtraTreesClassifier(bootstrap=False, ccp_alpha=0.0, class_weight=None,
                     criterion='gini', max_depth=None, max_features='auto',
                     max_leaf_nodes=None, max_samples=None,
                     min_impurity_decrease=0.0, min_impurity_split=None,
                     min_samples_leaf=1, min_samples_split=2,
                     min_weight_fraction_leaf=0.0, n_estimators=100, n_jobs=-1,
                     oob_score=False, random_state=4361, verbose=0,
                     warm_start=False)
2022-05-09 14:54:02,544:INFO:create_model() succesfully completed......................................
2022-05-09 14:54:02,606:INFO:SubProcess create_model() end ==================================
2022-05-09 14:54:02,606:INFO:Creating metrics dataframe
2022-05-09 14:54:02,613:INFO:Initializing Light Gradient Boosting Machine
2022-05-09 14:54:02,613:INFO:Total runtime is 0.1341557184855143 minutes
2022-05-09 14:54:02,627:INFO:SubProcess create_model() called ==================================
2022-05-09 14:54:02,627:INFO:Initializing create_model()
2022-05-09 14:54:02,628:INFO:create_model(estimator=lightgbm, fold=StratifiedKFold(n_splits=10, random_state=None, shuffle=False), round=4, cross_validation=True, predict=True, fit_kwargs={}, groups=None, refit=False, verbose=False, system=False, metrics=None, experiment_custom_tags=None, add_to_model_list=True, probability_threshold=None, display=<pycaret.internal.Display.Display object at 0x00000262A55129A0>, return_train_score=False, kwargs={})
2022-05-09 14:54:02,629:INFO:Checking exceptions
2022-05-09 14:54:02,629:INFO:Importing libraries
2022-05-09 14:54:02,629:INFO:Copying training dataset
2022-05-09 14:54:02,630:INFO:Defining folds
2022-05-09 14:54:02,630:INFO:Declaring metric variables
2022-05-09 14:54:02,658:INFO:Importing untrained model
2022-05-09 14:54:02,677:INFO:Light Gradient Boosting Machine Imported succesfully
2022-05-09 14:54:02,699:INFO:Starting cross validation
2022-05-09 14:54:02,699:INFO:Cross validating with StratifiedKFold(n_splits=10, random_state=None, shuffle=False), n_jobs=-1
2022-05-09 14:54:02,859:INFO:Calculating mean and std
2022-05-09 14:54:02,859:INFO:Creating metrics dataframe
2022-05-09 14:54:02,865:INFO:Uploading results into container
2022-05-09 14:54:02,865:INFO:Uploading model into container now
2022-05-09 14:54:02,865:INFO:create_model_container: 13
2022-05-09 14:54:02,865:INFO:master_model_container: 13
2022-05-09 14:54:02,865:INFO:display_container: 2
2022-05-09 14:54:02,865:INFO:LGBMClassifier(boosting_type='gbdt', class_weight=None, colsample_bytree=1.0,
               importance_type='split', learning_rate=0.1, max_depth=-1,
               min_child_samples=20, min_child_weight=0.001, min_split_gain=0.0,
               n_estimators=100, n_jobs=-1, num_leaves=31, objective=None,
               random_state=4361, reg_alpha=0.0, reg_lambda=0.0, silent='warn',
               subsample=1.0, subsample_for_bin=200000, subsample_freq=0)
2022-05-09 14:54:02,865:INFO:create_model() succesfully completed......................................
2022-05-09 14:54:02,928:INFO:SubProcess create_model() end ==================================
2022-05-09 14:54:02,928:INFO:Creating metrics dataframe
2022-05-09 14:54:02,936:INFO:Initializing Dummy Classifier
2022-05-09 14:54:02,936:INFO:Total runtime is 0.139530611038208 minutes
2022-05-09 14:54:02,950:INFO:SubProcess create_model() called ==================================
2022-05-09 14:54:02,950:INFO:Initializing create_model()
2022-05-09 14:54:02,950:INFO:create_model(estimator=dummy, fold=StratifiedKFold(n_splits=10, random_state=None, shuffle=False), round=4, cross_validation=True, predict=True, fit_kwargs={}, groups=None, refit=False, verbose=False, system=False, metrics=None, experiment_custom_tags=None, add_to_model_list=True, probability_threshold=None, display=<pycaret.internal.Display.Display object at 0x00000262A55129A0>, return_train_score=False, kwargs={})
2022-05-09 14:54:02,951:INFO:Checking exceptions
2022-05-09 14:54:02,951:INFO:Importing libraries
2022-05-09 14:54:02,951:INFO:Copying training dataset
2022-05-09 14:54:02,952:INFO:Defining folds
2022-05-09 14:54:02,952:INFO:Declaring metric variables
2022-05-09 14:54:02,970:INFO:Importing untrained model
2022-05-09 14:54:02,987:INFO:Dummy Classifier Imported succesfully
2022-05-09 14:54:03,019:INFO:Starting cross validation
2022-05-09 14:54:03,020:INFO:Cross validating with StratifiedKFold(n_splits=10, random_state=None, shuffle=False), n_jobs=-1
2022-05-09 14:54:03,100:INFO:Calculating mean and std
2022-05-09 14:54:03,101:INFO:Creating metrics dataframe
2022-05-09 14:54:03,107:INFO:Uploading results into container
2022-05-09 14:54:03,107:INFO:Uploading model into container now
2022-05-09 14:54:03,107:INFO:create_model_container: 14
2022-05-09 14:54:03,107:INFO:master_model_container: 14
2022-05-09 14:54:03,107:INFO:display_container: 2
2022-05-09 14:54:03,108:INFO:DummyClassifier(constant=None, random_state=4361, strategy='prior')
2022-05-09 14:54:03,108:INFO:create_model() succesfully completed......................................
2022-05-09 14:54:03,173:INFO:SubProcess create_model() end ==================================
2022-05-09 14:54:03,173:INFO:Creating metrics dataframe
2022-05-09 14:54:03,196:INFO:Initializing create_model()
2022-05-09 14:54:03,196:INFO:create_model(estimator=RidgeClassifier(alpha=1.0, class_weight=None, copy_X=True, fit_intercept=True,
                max_iter=None, normalize=False, random_state=4361,
                solver='auto', tol=0.001), fold=StratifiedKFold(n_splits=10, random_state=None, shuffle=False), round=4, cross_validation=False, predict=False, fit_kwargs={}, groups=None, refit=True, verbose=False, system=False, metrics=None, experiment_custom_tags=None, add_to_model_list=True, probability_threshold=None, display=None, return_train_score=False, kwargs={})
2022-05-09 14:54:03,196:INFO:Checking exceptions
2022-05-09 14:54:03,196:INFO:Importing libraries
2022-05-09 14:54:03,196:INFO:Copying training dataset
2022-05-09 14:54:03,196:INFO:Defining folds
2022-05-09 14:54:03,196:INFO:Declaring metric variables
2022-05-09 14:54:03,196:INFO:Importing untrained model
2022-05-09 14:54:03,196:INFO:Declaring custom model
2022-05-09 14:54:03,197:INFO:Ridge Classifier Imported succesfully
2022-05-09 14:54:03,197:INFO:Cross validation set to False
2022-05-09 14:54:03,197:INFO:Fitting Model
2022-05-09 14:54:03,201:INFO:RidgeClassifier(alpha=1.0, class_weight=None, copy_X=True, fit_intercept=True,
                max_iter=None, normalize=False, random_state=4361,
                solver='auto', tol=0.001)
2022-05-09 14:54:03,201:INFO:create_models() succesfully completed......................................
2022-05-09 14:54:03,279:INFO:create_model_container: 14
2022-05-09 14:54:03,279:INFO:master_model_container: 14
2022-05-09 14:54:03,279:INFO:display_container: 2
2022-05-09 14:54:03,279:INFO:RidgeClassifier(alpha=1.0, class_weight=None, copy_X=True, fit_intercept=True,
                max_iter=None, normalize=False, random_state=4361,
                solver='auto', tol=0.001)
2022-05-09 14:54:03,279:INFO:compare_models() succesfully completed......................................
2022-05-09 14:54:03,280:INFO:Initializing create_model()
2022-05-09 14:54:03,280:INFO:create_model(estimator=lr, fold=None, round=4, cross_validation=True, predict=True, fit_kwargs=None, groups=None, refit=True, verbose=True, system=True, metrics=None, experiment_custom_tags=None, add_to_model_list=True, probability_threshold=None, display=None, return_train_score=False, kwargs={})
2022-05-09 14:54:03,280:INFO:Checking exceptions
2022-05-09 14:54:03,280:INFO:Preparing display monitor
2022-05-09 14:54:03,299:INFO:Importing libraries
2022-05-09 14:54:03,299:INFO:Copying training dataset
2022-05-09 14:54:03,299:INFO:Defining folds
2022-05-09 14:54:03,299:INFO:Declaring metric variables
2022-05-09 14:54:03,313:INFO:Importing untrained model
2022-05-09 14:54:03,329:INFO:Logistic Regression Imported succesfully
2022-05-09 14:54:03,355:INFO:Starting cross validation
2022-05-09 14:54:03,355:INFO:Cross validating with StratifiedKFold(n_splits=10, random_state=None, shuffle=False), n_jobs=-1
2022-05-09 14:54:03,426:INFO:Calculating mean and std
2022-05-09 14:54:03,427:INFO:Creating metrics dataframe
2022-05-09 14:54:03,445:INFO:Finalizing model
2022-05-09 14:54:03,471:INFO:Uploading results into container
2022-05-09 14:54:03,471:INFO:Uploading model into container now
2022-05-09 14:54:03,473:INFO:create_model_container: 15
2022-05-09 14:54:03,473:INFO:master_model_container: 15
2022-05-09 14:54:03,473:INFO:display_container: 3
2022-05-09 14:54:03,473:INFO:LogisticRegression(C=1.0, class_weight=None, dual=False, fit_intercept=True,
                   intercept_scaling=1, l1_ratio=None, max_iter=1000,
                   multi_class='auto', n_jobs=None, penalty='l2',
                   random_state=4361, solver='lbfgs', tol=0.0001, verbose=0,
                   warm_start=False)
2022-05-09 14:54:03,473:INFO:create_model() succesfully completed......................................
2022-05-09 14:54:03,540:INFO:Initializing tune_model()
2022-05-09 14:54:03,540:INFO:tune_model(estimator=RidgeClassifier(alpha=1.0, class_weight=None, copy_X=True, fit_intercept=True,
                max_iter=None, normalize=False, random_state=4361,
                solver='auto', tol=0.001), fold=None, round=4, n_iter=10, custom_grid=None, optimize=Accuracy, custom_scorer=None, search_library=scikit-learn, search_algorithm=None, early_stopping=False, early_stopping_max_iters=10, choose_better=False, fit_kwargs=None, groups=None, return_tuner=False, verbose=True, tuner_verbose=True, display=None, return_train_score=False, kwargs={})
2022-05-09 14:54:03,540:INFO:Checking exceptions
2022-05-09 14:54:03,541:INFO:Preparing display monitor
2022-05-09 14:54:03,557:INFO:Copying training dataset
2022-05-09 14:54:03,558:INFO:Checking base model
2022-05-09 14:54:03,558:INFO:Base model : Ridge Classifier
2022-05-09 14:54:03,573:INFO:Declaring metric variables
2022-05-09 14:54:03,587:INFO:Defining Hyperparameters
2022-05-09 14:54:03,654:INFO:Tuning with n_jobs=-1
2022-05-09 14:54:03,654:INFO:Initializing RandomizedSearchCV
2022-05-09 14:54:03,832:INFO:best_params: {'actual_estimator__normalize': True, 'actual_estimator__fit_intercept': False, 'actual_estimator__alpha': 0.63}
2022-05-09 14:54:03,832:INFO:Hyperparameter search completed
2022-05-09 14:54:03,832:INFO:SubProcess create_model() called ==================================
2022-05-09 14:54:03,832:INFO:Initializing create_model()
2022-05-09 14:54:03,832:INFO:create_model(estimator=RidgeClassifier(alpha=1.0, class_weight=None, copy_X=True, fit_intercept=True,
                max_iter=None, normalize=False, random_state=4361,
                solver='auto', tol=0.001), fold=StratifiedKFold(n_splits=10, random_state=None, shuffle=False), round=4, cross_validation=True, predict=True, fit_kwargs={}, groups=None, refit=True, verbose=True, system=False, metrics=None, experiment_custom_tags=None, add_to_model_list=True, probability_threshold=None, display=<pycaret.internal.Display.Display object at 0x00000262A5C80F40>, return_train_score=False, kwargs={'normalize': True, 'fit_intercept': False, 'alpha': 0.63})
2022-05-09 14:54:03,833:INFO:Checking exceptions
2022-05-09 14:54:03,833:INFO:Importing libraries
2022-05-09 14:54:03,833:INFO:Copying training dataset
2022-05-09 14:54:03,833:INFO:Defining folds
2022-05-09 14:54:03,833:INFO:Declaring metric variables
2022-05-09 14:54:03,844:INFO:Importing untrained model
2022-05-09 14:54:03,844:INFO:Declaring custom model
2022-05-09 14:54:03,853:INFO:Ridge Classifier Imported succesfully
2022-05-09 14:54:03,892:INFO:Starting cross validation
2022-05-09 14:54:03,892:INFO:Cross validating with StratifiedKFold(n_splits=10, random_state=None, shuffle=False), n_jobs=-1
2022-05-09 14:54:03,930:INFO:Calculating mean and std
2022-05-09 14:54:03,930:INFO:Creating metrics dataframe
2022-05-09 14:54:03,953:INFO:Finalizing model
2022-05-09 14:54:03,976:INFO:Uploading results into container
2022-05-09 14:54:03,976:INFO:Uploading model into container now
2022-05-09 14:54:03,976:INFO:create_model_container: 16
2022-05-09 14:54:03,976:INFO:master_model_container: 16
2022-05-09 14:54:03,978:INFO:display_container: 4
2022-05-09 14:54:03,978:INFO:RidgeClassifier(alpha=0.63, class_weight=None, copy_X=True, fit_intercept=False,
                max_iter=None, normalize=True, random_state=4361, solver='auto',
                tol=0.001)
2022-05-09 14:54:03,978:INFO:create_model() succesfully completed......................................
2022-05-09 14:54:04,049:INFO:SubProcess create_model() end ==================================
2022-05-09 14:54:04,053:INFO:create_model_container: 16
2022-05-09 14:54:04,053:INFO:master_model_container: 16
2022-05-09 14:54:04,053:INFO:display_container: 4
2022-05-09 14:54:04,053:INFO:RidgeClassifier(alpha=0.63, class_weight=None, copy_X=True, fit_intercept=False,
                max_iter=None, normalize=True, random_state=4361, solver='auto',
                tol=0.001)
2022-05-09 14:54:04,053:INFO:tune_model() succesfully completed......................................
2022-05-09 14:54:04,118:INFO:Initializing plot_model()
2022-05-09 14:54:04,119:INFO:plot_model(fold=None, use_train_data=False, verbose=True, is_in_evaluate=False, display=None, display_format=None, estimator=RidgeClassifier(alpha=0.63, class_weight=None, copy_X=True, fit_intercept=False,
                max_iter=None, normalize=True, random_state=4361, solver='auto',
                tol=0.001), feature_name=None, fit_kwargs=None, groups=None, label=False, plot=confusion_matrix, plot_kwargs=None, save=False, scale=1, system=True)
2022-05-09 14:54:04,119:INFO:Checking exceptions
2022-05-09 14:54:04,119:INFO:Preparing display monitor
2022-05-09 14:54:04,124:INFO:Preloading libraries
2022-05-09 14:54:04,124:INFO:Copying training dataset
2022-05-09 14:54:04,125:INFO:Copying test dataset
2022-05-09 14:54:04,125:INFO:Plot type: confusion_matrix
2022-05-09 14:54:04,126:INFO:Initializing get_config()
2022-05-09 14:54:04,126:INFO:get_config(variable=prep_pipe)
2022-05-09 14:54:04,130:INFO:Global variable: prep_pipe returned as Pipeline(memory=None,
         steps=[('dtypes',
                 DataTypes_Auto_infer(categorical_features=['Embarked',
                                                            'Title'],
                                      display_types=True, features_todrop=[],
                                      id_columns=[],
                                      ml_usecase='classification',
                                      numerical_features=['Age', 'Norm_fare',
                                                          'Norm_sibsp',
                                                          'Norm_parch'],
                                      target='Survived', time_features=[])),
                ('imputer',
                 Simple_Imputer(categorical_strategy='not_available',
                                fill...
                ('P_transform', 'passthrough'), ('binn', 'passthrough'),
                ('rem_outliers', 'passthrough'), ('cluster_all', 'passthrough'),
                ('dummy', Dummify(target='Survived')),
                ('fix_perfect', Remove_100(target='Survived')),
                ('clean_names', Clean_Colum_Names()),
                ('feature_select', 'passthrough'), ('fix_multi', 'passthrough'),
                ('dfs', 'passthrough'), ('pca', 'passthrough')],
         verbose=False)
2022-05-09 14:54:04,131:INFO:get_config() succesfully completed......................................
2022-05-09 14:54:04,131:INFO:Fitting Model
2022-05-09 14:54:04,131:INFO:Scoring test/hold-out set
